<?xml version="1.0" encoding="UTF-8"?>
<testng-results skipped="0" failed="0" total="1" passed="1">
  <reporter-output>
  </reporter-output>
  <suite name="tests.CouponsPageTest" duration-ms="28993" started-at="2018-04-19T16:48:10Z" finished-at="2018-04-19T16:48:39Z">
    <groups>
    </groups>
    <test name="Command line test" duration-ms="28993" started-at="2018-04-19T16:48:10Z" finished-at="2018-04-19T16:48:39Z">
      <class name="tests.CouponsPageTest">
        <test-method status="PASS" signature="setUp()" name="setUp" is-config="true" duration-ms="13261" started-at="2018-04-19T16:48:10Z" finished-at="2018-04-19T16:48:23Z">
        </test-method>
        <test-method status="PASS" signature="testEnterCoupon()" name="testEnterCoupon" duration-ms="15726" started-at="2018-04-19T16:48:23Z" finished-at="2018-04-19T16:48:39Z">
        </test-method>
      </class>
    </test>
  </suite>
</testng-results>
